\BOOKMARK [1][-]{section.1}{\376\377\000I\000n\000t\000r\000o\000d\000u\000c\000t\000i\000o\000n}{}% 1
\BOOKMARK [1][-]{section.2}{\376\377\000R\000e\000l\000a\000t\000e\000d\000\040\000W\000o\000r\000k}{}% 2
\BOOKMARK [1][-]{section.3}{\376\377\000T\000h\000e\000\040\000S\000E\000N\000T\000I\000N\000E\000L\000\040\000S\000t\000a\000c\000k}{}% 3
\BOOKMARK [2][-]{subsection.3.1}{\376\377\000A\000s\000y\000n\000c\000h\000r\000o\000n\000o\000u\000s\000\040\000F\000u\000s\000i\000o\000n\000\040\000a\000n\000d\000\040\000C\000a\000s\000c\000a\000d\000e\000\040\000C\000o\000n\000t\000r\000o\000l}{section.3}% 4
\BOOKMARK [1][-]{section.4}{\376\377\000E\000x\000p\000e\000r\000i\000m\000e\000n\000t\000s}{}% 5
\BOOKMARK [1][-]{section.5}{\376\377\000L\000i\000m\000i\000t\000a\000t\000i\000o\000n\000s}{}% 6
\BOOKMARK [1][-]{section.6}{\376\377\000C\000o\000n\000c\000l\000u\000s\000i\000o\000n}{}% 7
\BOOKMARK [1][-]{appendix.A}{\376\377\000S\000E\000N\000T\000I\000N\000E\000L\000-\000D\000B}{}% 8
\BOOKMARK [1][-]{appendix.B}{\376\377\000H\000y\000p\000e\000r\000p\000a\000r\000a\000m\000e\000t\000e\000r\000s\000\040\000a\000n\000d\000\040\000T\000r\000a\000i\000n\000i\000n\000g\000\040\000D\000e\000t\000a\000i\000l\000s}{}% 9
\BOOKMARK [1][-]{appendix.C}{\376\377\000B\000a\000s\000e\000l\000i\000n\000e\000\040\000C\000o\000m\000p\000a\000r\000i\000s\000o\000n\000\040\000P\000r\000o\000t\000o\000c\000o\000l\000s}{}% 10
\BOOKMARK [1][-]{appendix.D}{\376\377\000C\000o\000n\000f\000o\000r\000m\000a\000l\000\040\000C\000o\000v\000e\000r\000a\000g\000e\000\040\000b\000y\000\040\000M\000o\000d\000a\000l\000i\000t\000y}{}% 11
\BOOKMARK [1][-]{appendix.E}{\376\377\000C\000a\000s\000c\000a\000d\000e\000\040\000C\000o\000n\000t\000r\000o\000l\000l\000e\000r\000\040\000D\000e\000t\000a\000i\000l\000s}{}% 12
\BOOKMARK [1][-]{appendix.F}{\376\377\000N\000E\000O\000N\000\040\000S\000i\000t\000e\000\040\000R\000i\000s\000k\000\040\000I\000n\000d\000e\000x}{}% 13
\BOOKMARK [1][-]{appendix.G}{\376\377\000B\000r\000o\000a\000d\000e\000r\000\040\000I\000m\000p\000a\000c\000t}{}% 14
\BOOKMARK [1][-]{appendix.H}{\376\377\000M\000o\000d\000a\000l\000i\000t\000y\000\040\000A\000b\000l\000a\000t\000i\000o\000n\000\040\000D\000e\000t\000a\000i\000l\000s}{}% 15
\BOOKMARK [1][-]{appendix.I}{\376\377\000H\000i\000s\000t\000o\000r\000i\000c\000a\000l\000\040\000E\000v\000e\000n\000t\000\040\000D\000e\000t\000e\000c\000t\000i\000o\000n\000\040\000D\000e\000t\000a\000i\000l\000s}{}% 16
\BOOKMARK [1][-]{appendix.J}{\376\377\000P\000e\000r\000-\000E\000n\000c\000o\000d\000e\000r\000\040\000B\000e\000n\000c\000h\000m\000a\000r\000k\000\040\000C\000o\000m\000p\000a\000r\000i\000s\000o\000n}{}% 17
\BOOKMARK [1][-]{appendix.K}{\376\377\000A\000r\000c\000h\000i\000t\000e\000c\000t\000u\000r\000e\000\040\000D\000i\000a\000g\000r\000a\000m\000s}{}% 18
\BOOKMARK [1][-]{appendix.L}{\376\377\000O\000p\000e\000r\000a\000t\000i\000o\000n\000a\000l\000\040\000R\000e\000l\000i\000a\000b\000i\000l\000i\000t\000y}{}% 19
\BOOKMARK [1][-]{appendix.M}{\376\377\000C\000a\000u\000s\000a\000l\000\040\000C\000h\000a\000i\000n\000\040\000D\000i\000s\000c\000o\000v\000e\000r\000y}{}% 20
\BOOKMARK [1][-]{appendix.N}{\376\377\000C\000a\000s\000e\000-\000S\000t\000u\000d\000y\000\040\000T\000i\000m\000e\000l\000i\000n\000e\000:\000\040\000L\000a\000k\000e\000\040\000E\000r\000i\000e\000\040\000H\000A\000B\000\040\0002\0000\0002\0003}{}% 21
