This is pdfTeX, Version 3.141592653-2.6-1.40.29 (TeX Live 2026) (preloaded format=pdflatex 2026.3.23)  14 MAY 2026 03:35
entering extended mode
 restricted \write18 enabled.
 %&-line parsing enabled.
**main.tex
(./main.tex
LaTeX2e <2025-11-01>
L3 programming layer <2026-01-19>
(/home/bcheng/.local/texlive/2023/texmf-dist/tex/latex/base/article.cls
Document Class: article 2025/01/22 v1.4n Standard LaTeX document class
(/home/bcheng/.local/texlive/2023/texmf-dist/tex/latex/base/size10.clo
File: size10.clo 2025/01/22 v1.4n Standard LaTeX file (size option)
)
\c@part=\count275
\c@section=\count276
\c@subsection=\count277
\c@subsubsection=\count278
\c@paragraph=\count279
\c@subparagraph=\count280
\c@figure=\count281
\c@table=\count282
\abovecaptionskip=\skip49
\belowcaptionskip=\skip50
\bibindent=\dimen148
)
(/home/bcheng/.local/texlive/2023/texmf-dist/tex/latex/microtype/microtype.sty
Package: microtype 2026/03/01 v3.2d Micro-typographical refinements (RS)

(/home/bcheng/.local/texlive/2023/texmf-dist/tex/latex/graphics/keyval.sty
Package: keyval 2022/05/29 v1.15 key=value parser (DPC)
\KV@toks@=\toks17
)
(/home/bcheng/.local/texlive/2023/texmf-dist/tex/latex/etoolbox/etoolbox.sty
Package: etoolbox 2025/10/02 v2.5m e-TeX tools for LaTeX (JAW)
\etb@tempcnta=\count283
)
\MT@toks=\toks18
\MT@tempbox=\box53
\MT@count=\count284
LaTeX Info: Redefining \noprotrusionifhmode on input line 1084.
LaTeX Info: Redefining \leftprotrusion on input line 1085.
\MT@prot@toks=\toks19
LaTeX Info: Redefining \rightprotrusion on input line 1104.
LaTeX Info: Redefining \textls on input line 1449.
\MT@outer@kern=\dimen149
LaTeX Info: Redefining \microtypecontext on input line 2053.
LaTeX Info: Redefining \textmicrotypecontext on input line 2070.
\MT@listname@count=\count285

(/home/bcheng/.local/texlive/2023/texmf-dist/tex/latex/microtype/microtype-pdft
ex.def
File: microtype-pdftex.def 2026/03/01 v3.2d Definitions specific to pdftex (RS)

LaTeX Info: Redefining \lsstyle on input line 944.
LaTeX Info: Redefining \lslig on input line 944.
\MT@outer@space=\skip51
)
Package microtype Info: Loading configuration file microtype.cfg.

(/home/bcheng/.local/texlive/2023/texmf-dist/tex/latex/microtype/microtype.cfg
File: microtype.cfg 2026/03/01 v3.2d microtype main configuration file (RS)
)
LaTeX Info: Redefining \microtypesetup on input line 3065.
) (/home/bcheng/.local/texlive/2023/texmf-dist/tex/latex/graphics/graphicx.sty
Package: graphicx 2024/12/31 v1.2e Enhanced LaTeX Graphics (DPC,SPQR)

(/home/bcheng/.local/texlive/2023/texmf-dist/tex/latex/graphics/graphics.sty
Package: graphics 2024/08/06 v1.4g Standard LaTeX Graphics (DPC,SPQR)

(/home/bcheng/.local/texlive/2023/texmf-dist/tex/latex/graphics/trig.sty
Package: trig 2023/12/02 v1.11 sin cos tan (DPC)
)
(/home/bcheng/.local/texlive/2023/texmf-dist/tex/latex/graphics-cfg/graphics.cf
g
File: graphics.cfg 2016/06/04 v1.11 sample graphics configuration
)
Package graphics Info: Driver file: pdftex.def on input line 106.

(/home/bcheng/.local/texlive/2023/texmf-dist/tex/latex/graphics-def/pdftex.def
File: pdftex.def 2025/09/29 v1.2d Graphics/color driver for pdftex
))
\Gin@req@height=\dimen150
\Gin@req@width=\dimen151
)
(/home/bcheng/.local/texlive/2023/texmf-dist/tex/latex/caption/subcaption.sty
Package: subcaption 2023/07/28 v1.6b Sub-captions (AR)

(/home/bcheng/.local/texlive/2023/texmf-dist/tex/latex/caption/caption.sty
Package: caption 2023/08/05 v3.6o Customizing captions (AR)

(/home/bcheng/.local/texlive/2023/texmf-dist/tex/latex/caption/caption3.sty
Package: caption3 2023/07/31 v2.4d caption3 kernel (AR)
\caption@tempdima=\dimen152
\captionmargin=\dimen153
\caption@leftmargin=\dimen154
\caption@rightmargin=\dimen155
\caption@width=\dimen156
\caption@indent=\dimen157
\caption@parindent=\dimen158
\caption@hangindent=\dimen159
Package caption Info: Standard document class detected.
)
\c@caption@flags=\count286
\c@continuedfloat=\count287
)
Package caption Info: New subtype `subfigure' on input line 238.
\c@subfigure=\count288
Package caption Info: New subtype `subtable' on input line 238.
\c@subtable=\count289
)
(/home/bcheng/.local/texlive/2023/texmf-dist/tex/latex/booktabs/booktabs.sty
Package: booktabs 2020/01/12 v1.61803398 Publication quality tables
\heavyrulewidth=\dimen160
\lightrulewidth=\dimen161
\cmidrulewidth=\dimen162
\belowrulesep=\dimen163
\belowbottomsep=\dimen164
\aboverulesep=\dimen165
\abovetopsep=\dimen166
\cmidrulesep=\dimen167
\cmidrulekern=\dimen168
\defaultaddspace=\dimen169
\@cmidla=\count290
\@cmidlb=\count291
\@aboverulesep=\dimen170
\@belowrulesep=\dimen171
\@thisruleclass=\count292
\@lastruleclass=\count293
\@thisrulewidth=\dimen172
)
(/home/bcheng/.local/texlive/2023/texmf-dist/tex/latex/placeins/placeins.sty
Package: placeins 2005/04/18  v 2.2
)
(./icml2026.sty
Package: icml2026 2023/11/23 v2.0 ICML Conference Style File

(/home/bcheng/.local/texlive/2023/texmf-dist/tex/latex/psnfss/times.sty
Package: times 2020/03/25 PSNFSS-v9.3 (SPQR) 
)
(/home/bcheng/.local/texlive/2023/texmf-dist/tex/latex/fancyhdr/fancyhdr.sty
Package: fancyhdr 2025/02/07 v5.2 Extensive control of page headers and footers

\f@nch@headwidth=\skip52
\f@nch@offset@elh=\skip53
\f@nch@offset@erh=\skip54
\f@nch@offset@olh=\skip55
\f@nch@offset@orh=\skip56
\f@nch@offset@elf=\skip57
\f@nch@offset@erf=\skip58
\f@nch@offset@olf=\skip59
\f@nch@offset@orf=\skip60
\f@nch@height=\skip61
\f@nch@footalignment=\skip62
\f@nch@widthL=\skip63
\f@nch@widthC=\skip64
\f@nch@widthR=\skip65
\@temptokenb=\toks20
)
(/home/bcheng/.local/texlive/2023/texmf-dist/tex/latex/xcolor/xcolor.sty
Package: xcolor 2024/09/29 v3.02 LaTeX color extensions (UK)

(/home/bcheng/.local/texlive/2023/texmf-dist/tex/latex/graphics-cfg/color.cfg
File: color.cfg 2016/01/02 v1.6 sample color configuration
)
Package xcolor Info: Driver file: pdftex.def on input line 274.

(/home/bcheng/.local/texlive/2023/texmf-dist/tex/latex/graphics/mathcolor.ltx)
Package xcolor Info: Model `cmy' substituted by `cmy0' on input line 1349.
Package xcolor Info: Model `hsb' substituted by `rgb' on input line 1353.
Package xcolor Info: Model `RGB' extended on input line 1365.
Package xcolor Info: Model `HTML' substituted by `rgb' on input line 1367.
Package xcolor Info: Model `Hsb' substituted by `hsb' on input line 1368.
Package xcolor Info: Model `tHsb' substituted by `hsb' on input line 1369.
Package xcolor Info: Model `HSB' substituted by `hsb' on input line 1370.
Package xcolor Info: Model `Gray' substituted by `gray' on input line 1371.
Package xcolor Info: Model `wave' substituted by `hsb' on input line 1372.
) (./algorithm.sty
Package: algorithm 

Document Style `algorithm' - floating environment
(/home/bcheng/.local/texlive/2023/texmf-dist/tex/latex/float/float.sty
Package: float 2001/11/08 v1.3d Float enhancements (AL)
\c@float@type=\count294
\float@exts=\toks21
\float@box=\box54
\@float@everytoks=\toks22
\@floatcapt=\box55
)
(/home/bcheng/.local/texlive/2023/texmf-dist/tex/latex/base/ifthen.sty
Package: ifthen 2024/03/16 v1.1e Standard LaTeX ifthen package (DPC)
)
\@float@every@algorithm=\toks23
\c@algorithm=\count295
)
(/home/bcheng/.local/texlive/2023/texmf-dist/tex/latex/algorithms/algorithmic.s
ty
Package: algorithmic 2009/08/24 v0.1 Document Style `algorithmic'
\c@ALC@unique=\count296
\c@ALC@line=\count297
\c@ALC@rem=\count298
\c@ALC@depth=\count299
\ALC@tlm=\skip66
\algorithmicindent=\skip67
) (/home/bcheng/.local/texlive/2023/texmf-dist/tex/latex/natbib/natbib.sty
Package: natbib 2010/09/13 8.31b (PWD, AO)
\bibhang=\skip68
\bibsep=\skip69
LaTeX Info: Redefining \cite on input line 694.
\c@NAT@ctr=\count300
)
(/home/bcheng/.local/texlive/2023/texmf-dist/tex/latex/eso-pic/eso-pic.sty
Package: eso-pic 2025/12/10 v3.0d eso-pic (RN)
\ESO@tempdima=\dimen173
\ESO@tempdimb=\dimen174
)
(/home/bcheng/.local/texlive/2023/texmf-dist/tex/latex/forloop/forloop.sty
Package: forloop 2023/05/03 v3.0 For Loops for LaTeX
)
(/home/bcheng/.local/texlive/2023/texmf-dist/tex/latex/url/url.sty
\Urlmuskip=\muskip17
Package: url 2013/09/16  ver 3.4  Verb mode for urls, etc.
)
\titrun=\box56
\c@@affiliationcounter=\count301
\c@@affilnum=\count302
\newcaptionbox=\box57
\newcaptionboxwid=\dimen175
\icmlrulerbox=\box58
\icmlrulercount=\count303
\icmlruleroffset=\dimen176
\cv@lineheight=\dimen177
\cv@boxheight=\dimen178
\cv@tmpbox=\box59
\cv@refno=\count304
\cv@tot=\count305
\cv@tmpc@=\count306
\cv@tmpc=\count307
)
(/home/bcheng/.local/texlive/2023/texmf-dist/tex/latex/amsmath/amsmath.sty
Package: amsmath 2025/07/09 v2.17z AMS math features
\@mathmargin=\skip70

For additional information on amsmath, use the `?' option.
(/home/bcheng/.local/texlive/2023/texmf-dist/tex/latex/amsmath/amstext.sty
Package: amstext 2024/11/17 v2.01 AMS text

(/home/bcheng/.local/texlive/2023/texmf-dist/tex/latex/amsmath/amsgen.sty
File: amsgen.sty 1999/11/30 v2.0 generic functions
\@emptytoks=\toks24
\ex@=\dimen179
))
(/home/bcheng/.local/texlive/2023/texmf-dist/tex/latex/amsmath/amsbsy.sty
Package: amsbsy 1999/11/29 v1.2d Bold Symbols
\pmbraise@=\dimen180
)
(/home/bcheng/.local/texlive/2023/texmf-dist/tex/latex/amsmath/amsopn.sty
Package: amsopn 2022/04/08 v2.04 operator names
)
\inf@bad=\count308
LaTeX Info: Redefining \frac on input line 233.
\uproot@=\count309
\leftroot@=\count310
LaTeX Info: Redefining \overline on input line 398.
LaTeX Info: Redefining \colon on input line 409.
\classnum@=\count311
\DOTSCASE@=\count312
LaTeX Info: Redefining \ldots on input line 495.
LaTeX Info: Redefining \dots on input line 498.
LaTeX Info: Redefining \cdots on input line 619.
\Mathstrutbox@=\box60
\strutbox@=\box61
LaTeX Info: Redefining \big on input line 721.
LaTeX Info: Redefining \Big on input line 722.
LaTeX Info: Redefining \bigg on input line 723.
LaTeX Info: Redefining \Bigg on input line 724.
\big@size=\dimen181
LaTeX Font Info:    Redeclaring font encoding OML on input line 742.
LaTeX Font Info:    Redeclaring font encoding OMS on input line 743.
\macc@depth=\count313
LaTeX Info: Redefining \bmod on input line 904.
LaTeX Info: Redefining \pmod on input line 909.
LaTeX Info: Redefining \smash on input line 939.
LaTeX Info: Redefining \relbar on input line 969.
LaTeX Info: Redefining \Relbar on input line 970.
\c@MaxMatrixCols=\count314
\dotsspace@=\muskip18
\c@parentequation=\count315
\dspbrk@lvl=\count316
\tag@help=\toks25
\row@=\count317
\column@=\count318
\maxfields@=\count319
\andhelp@=\toks26
\eqnshift@=\dimen182
\alignsep@=\dimen183
\tagshift@=\dimen184
\tagwidth@=\dimen185
\totwidth@=\dimen186
\lineht@=\dimen187
\@envbody=\toks27
\multlinegap=\skip71
\multlinetaggap=\skip72
\mathdisplay@stack=\toks28
LaTeX Info: Redefining \[ on input line 2950.
LaTeX Info: Redefining \] on input line 2951.
)
(/home/bcheng/.local/texlive/2023/texmf-dist/tex/latex/amsfonts/amssymb.sty
Package: amssymb 2013/01/14 v3.01 AMS font symbols

(/home/bcheng/.local/texlive/2023/texmf-dist/tex/latex/amsfonts/amsfonts.sty
Package: amsfonts 2013/01/14 v3.01 Basic AMSFonts support
\symAMSa=\mathgroup4
\symAMSb=\mathgroup5
LaTeX Font Info:    Redeclaring math symbol \hbar on input line 98.
LaTeX Font Info:    Overwriting math alphabet `\mathfrak' in version `bold'
(Font)                  U/euf/m/n --> U/euf/b/n on input line 106.
))
(/home/bcheng/.local/texlive/2023/texmf-dist/tex/latex/mathtools/mathtools.sty
Package: mathtools 2024/10/04 v1.31 mathematical typesetting tools

(/home/bcheng/.local/texlive/2023/texmf-dist/tex/latex/tools/calc.sty
Package: calc 2025/03/01 v4.3b Infix arithmetic (KKT,FJ)
\calc@Acount=\count320
\calc@Bcount=\count321
\calc@Adimen=\dimen188
\calc@Bdimen=\dimen189
\calc@Askip=\skip73
\calc@Bskip=\skip74
LaTeX Info: Redefining \setlength on input line 86.
LaTeX Info: Redefining \addtolength on input line 87.
\calc@Ccount=\count322
\calc@Cskip=\skip75
)
(/home/bcheng/.local/texlive/2023/texmf-dist/tex/latex/mathtools/mhsetup.sty
Package: mhsetup 2021/03/18 v1.4 programming setup (MH)
)
\g_MT_multlinerow_int=\count323
\l_MT_multwidth_dim=\dimen190
\origjot=\skip76
\l_MT_shortvdotswithinadjustabove_dim=\dimen191
\l_MT_shortvdotswithinadjustbelow_dim=\dimen192
\l_MT_above_intertext_sep=\dimen193
\l_MT_below_intertext_sep=\dimen194
\l_MT_above_shortintertext_sep=\dimen195
\l_MT_below_shortintertext_sep=\dimen196
\xmathstrut@box=\box62
\xmathstrut@dim=\dimen197
)
(/home/bcheng/.local/texlive/2023/texmf-dist/tex/latex/amscls/amsthm.sty
Package: amsthm 2020/05/29 v2.20.6
\thm@style=\toks29
\thm@bodyfont=\toks30
\thm@headfont=\toks31
\thm@notefont=\toks32
\thm@headpunct=\toks33
\thm@preskip=\skip77
\thm@postskip=\skip78
\thm@headsep=\skip79
\dth@everypar=\toks34
)
(/home/bcheng/.local/texlive/2023/texmf-dist/tex/latex/multirow/multirow.sty
Package: multirow 2024/11/12 v2.9 Span multiple rows of a table
\multirow@colwidth=\skip80
\multirow@cntb=\count324
\multirow@dima=\skip81
\bigstrutjot=\dimen198
)
LaTeX Font Info:    Trying to load font information for OT1+ptm on input line 3
4.

(/home/bcheng/.local/texlive/2023/texmf-dist/tex/latex/psnfss/ot1ptm.fd
File: ot1ptm.fd 2001/06/04 font definitions for OT1/ptm.
)
(/home/bcheng/.local/texlive/2023/texmf-dist/tex/latex/l3backend/l3backend-pdft
ex.def
File: l3backend-pdftex.def 2025-10-09 L3 backend support: PDF output (pdfTeX)
\l__color_backend_stack_int=\count325
) (./main.aux)
\openout1 = `main.aux'.

LaTeX Font Info:    Checking defaults for OML/cmm/m/it on input line 34.
LaTeX Font Info:    ... okay on input line 34.
LaTeX Font Info:    Checking defaults for OMS/cmsy/m/n on input line 34.
LaTeX Font Info:    ... okay on input line 34.
LaTeX Font Info:    Checking defaults for OT1/cmr/m/n on input line 34.
LaTeX Font Info:    ... okay on input line 34.
LaTeX Font Info:    Checking defaults for T1/cmr/m/n on input line 34.
LaTeX Font Info:    ... okay on input line 34.
LaTeX Font Info:    Checking defaults for TS1/cmr/m/n on input line 34.
LaTeX Font Info:    ... okay on input line 34.
LaTeX Font Info:    Checking defaults for OMX/cmex/m/n on input line 34.
LaTeX Font Info:    ... okay on input line 34.
LaTeX Font Info:    Checking defaults for U/cmr/m/n on input line 34.
LaTeX Font Info:    ... okay on input line 34.
LaTeX Info: Redefining \microtypecontext on input line 34.
Package microtype Info: Applying patch `item' on input line 34.
Package microtype Info: Applying patch `toc' on input line 34.
Package microtype Info: Applying patch `eqnum' on input line 34.
Package microtype Info: Applying patch `footnote' on input line 34.
Package microtype Info: Applying patch `verbatim' on input line 34.
LaTeX Info: Redefining \microtypesetup on input line 34.
Package microtype Info: Generating PDF output.
Package microtype Info: Character protrusion enabled (level 2).
Package microtype Info: Using default protrusion set `alltext'.
Package microtype Info: Automatic font expansion enabled (level 2),
(microtype)             stretch: 20, shrink: 20, step: 1, non-selected.
Package microtype Info: Using default expansion set `alltext-nott'.
Package microtype Info: Patching command `\showhyphens'.
Package microtype Info: No adjustment of tracking.
Package microtype Info: No adjustment of interword spacing.
Package microtype Info: No adjustment of character kerning.

(/home/bcheng/.local/texlive/2023/texmf-dist/tex/latex/microtype/mt-ptm.cfg
File: mt-ptm.cfg 2006/04/20 v1.7 microtype config. file: Times (RS)
)
(/home/bcheng/.local/texlive/2023/texmf-dist/tex/context/base/mkii/supp-pdf.mki
i
[Loading MPS to PDF converter (version 2006.09.02).]
\scratchcounter=\count326
\scratchdimen=\dimen199
\scratchbox=\box63
\nofMPsegments=\count327
\nofMParguments=\count328
\everyMPshowfont=\toks35
\MPscratchCnt=\count329
\MPscratchDim=\dimen256
\MPnumerator=\count330
\makeMPintoPDFobject=\count331
\everyMPtoPDFconversion=\toks36
)
(/home/bcheng/.local/texlive/2023/texmf-dist/tex/latex/epstopdf-pkg/epstopdf-ba
se.sty
Package: epstopdf-base 2020-01-24 v2.11 Base part for package epstopdf
Package epstopdf-base Info: Redefining graphics rule for `.eps' on input line 4
85.

(/home/bcheng/.local/texlive/2023/texmf-dist/tex/latex/latexconfig/epstopdf-sys
.cfg
File: epstopdf-sys.cfg 2010/07/13 v1.3 Configuration of (r)epstopdf for TeX Liv
e
))
Package caption Info: Begin \AtBeginDocument code.
Package caption Info: float package is loaded.
Package caption Info: End \AtBeginDocument code.
\c@@affil@anon=\count332

(/home/bcheng/.local/texlive/2023/texmf-dist/tex/latex/microtype/mt-cmr.cfg
File: mt-cmr.cfg 2013/05/19 v2.2 microtype config. file: Computer Modern Roman 
(RS)
)
LaTeX Font Info:    Trying to load font information for U+msa on input line 48.


(/home/bcheng/.local/texlive/2023/texmf-dist/tex/latex/amsfonts/umsa.fd
File: umsa.fd 2013/01/14 v3.01 AMS symbols A
)
(/home/bcheng/.local/texlive/2023/texmf-dist/tex/latex/microtype/mt-msa.cfg
File: mt-msa.cfg 2006/02/04 v1.1 microtype config. file: AMS symbols (a) (RS)
)
LaTeX Font Info:    Trying to load font information for U+msb on input line 48.


(/home/bcheng/.local/texlive/2023/texmf-dist/tex/latex/amsfonts/umsb.fd
File: umsb.fd 2013/01/14 v3.01 AMS symbols B
)
(/home/bcheng/.local/texlive/2023/texmf-dist/tex/latex/microtype/mt-msb.cfg
File: mt-msb.cfg 2005/06/01 v1.0 microtype config. file: AMS symbols (b) (RS)
)
LaTeX Font Info:    Trying to load font information for OML+ptm on input line 5
0.

(/home/bcheng/.local/texlive/2023/texmf-dist/tex/latex/psnfss/omlptm.fd
File: omlptm.fd 
)
LaTeX Font Info:    Font shape `OML/ptm/m/n' in size <9> not available
(Font)              Font shape `OML/cmm/m/it' tried instead on input line 50.

Underfull \hbox (badness 2119) in paragraph at lines 54--55
\OT1/ptm/m/n/10 (+20) encoders---continuous-time SSMs for sen-sor
 []


Underfull \hbox (badness 2269) in paragraph at lines 54--55
\OT1/ptm/m/n/10 (+20) 2 im-agery, Aitchison-geometry trans-form-ers
 []


Underfull \hbox (badness 5091) in paragraph at lines 54--55
\OT1/ptm/m/n/10 (+20) for com-po-si-tional mi-cro-bial data, biology-
 []


Underfull \vbox (badness 3861) has occurred while \output is active []


Overfull \hbox (1.12337pt too wide) in paragraph at lines 63--64
[]\OT1/ptm/m/n/10 (-20) Multimodal fu-sion can ex-ploit com-ple-men-tary inform
ation---
 []

<../figures/fig_aquassm.jpg, id=1, 1204.5pt x 656.4525pt>
File: ../figures/fig_aquassm.jpg Graphic file (type jpg)
<use ../figures/fig_aquassm.jpg>
Package pdftex.def Info: ../figures/fig_aquassm.jpg  used on input line 74.
(pdftex.def)             Requested size: 234.15271pt x 127.61206pt.
<../figures/fig_hydrovit.jpg, id=2, 1204.5pt x 506.89375pt>
File: ../figures/fig_hydrovit.jpg Graphic file (type jpg)
<use ../figures/fig_hydrovit.jpg>
Package pdftex.def Info: ../figures/fig_hydrovit.jpg  used on input line 75.
(pdftex.def)             Requested size: 234.15271pt x 98.53836pt.
[1{/home/bcheng/.local/texlive/2023/texmf-var/fonts/map/pdftex/updmap/pdftex.ma
p}{/home/bcheng/.local/texlive/2023/texmf-dist/fonts/enc/dvips/base/8r.enc}



]
<../figures/fig_toxigene.png, id=17, 2826.56pt x 1541.76pt>
File: ../figures/fig_toxigene.png Graphic file (type png)
<use ../figures/fig_toxigene.png>
Package pdftex.def Info: ../figures/fig_toxigene.png  used on input line 99.
(pdftex.def)             Requested size: 253.66977pt x 138.35248pt.
<../figures/fig_biomotion.jpg, id=19, 1204.5pt x 550.055pt>
File: ../figures/fig_biomotion.jpg Graphic file (type jpg)
<use ../figures/fig_biomotion.jpg>
Package pdftex.def Info: ../figures/fig_biomotion.jpg  used on input line 100.
(pdftex.def)             Requested size: 224.40161pt x 102.472pt.

Underfull \hbox (badness 10000) in paragraph at lines 101--101
[][]\OT1/ptm/m/n/9 (+20) Molecular and be-hav-ioral en-coders. (a) Tox-i-Gene r
outes RNA-seq through a Reactome-constrained
 []

<../figures/fig_microbiomenet.jpg, id=20, 510.90875pt x 1438.37375pt>
File: ../figures/fig_microbiomenet.jpg Graphic file (type jpg)
<use ../figures/fig_microbiomenet.jpg>
Package pdftex.def Info: ../figures/fig_microbiomenet.jpg  used on input line 1
10.
(pdftex.def)             Requested size: 101.06512pt x 284.53111pt.

Underfull \vbox (badness 10000) has occurred while \output is active []


Underfull \hbox (badness 5519) in paragraph at lines 115--116
[]\OT1/ptm/b/n/10 (+20) ToxiGene \OT1/ptm/m/n/10 (+20) (molec-u-lar) is a $\OT1
/cmr/m/n/10 145\OML/cmm/m/it/10 :\OT1/cmr/m/n/10 2$\OT1/ptm/m/n/10 (+20) M-para
m biology-
 []


Underfull \vbox (badness 10000) has occurred while \output is active []

 [2 <../figures/fig_aquassm.jpg> <../figures/fig_hydrovit.jpg>]
Underfull \vbox (badness 10000) has occurred while \output is active []


Overfull \hbox (1.20367pt too wide) in paragraph at lines 171--184
 [][] 
 []


Underfull \vbox (badness 10000) has occurred while \output is active []

 [3 <../figures/fig_toxigene.png> <../figures/fig_biomotion.jpg> <../figures/fi
g_microbiomenet.jpg>]
<../figures/fig_early_warning.jpg, id=34, 1806.75pt x 2174.1225pt>
File: ../figures/fig_early_warning.jpg Graphic file (type jpg)
<use ../figures/fig_early_warning.jpg>
Package pdftex.def Info: ../figures/fig_early_warning.jpg  used on input line 2
16.
(pdftex.def)             Requested size: 234.8775pt x 282.61267pt.

Underfull \vbox (badness 10000) has occurred while \output is active []

LaTeX Font Info:    Trying to load font information for OT1+pcr on input line 2
33.

(/home/bcheng/.local/texlive/2023/texmf-dist/tex/latex/psnfss/ot1pcr.fd
File: ot1pcr.fd 2001/06/04 font definitions for OT1/pcr.
)
Package microtype Info: Loading generic protrusion settings for font family
(microtype)             `pcr' (encoding: OT1).
(microtype)             For optimal results, create family-specific settings.
(microtype)             See the microtype manual for details.

Underfull \hbox (badness 2512) in paragraph at lines 233--234
[]\OT1/ptm/m/n/10 (+20) All code and re-pro-ducibil-ity ma-te-ri-als are avail-
able
 []


Underfull \hbox (badness 10000) in paragraph at lines 233--234
\OT1/ptm/m/n/10 (+20) at $\OT1/pcr/m/n/10 https : / / anonymous . 4open . scien
ce / r /
 []

(./main.bbl
Underfull \vbox (badness 10000) has occurred while \output is active []

 [4 <../figures/fig_early_warning.jpg>]) [5]
LaTeX Font Info:    Trying to load font information for TS1+ptm on input line 2
83.

(/home/bcheng/.local/texlive/2023/texmf-dist/tex/latex/psnfss/ts1ptm.fd
File: ts1ptm.fd 2001/06/04 font definitions for TS1/ptm.
)
<../figures/fig_modality_importance.jpg, id=43, 2208.25pt x 851.18pt>
File: ../figures/fig_modality_importance.jpg Graphic file (type jpg)
<use ../figures/fig_modality_importance.jpg>
Package pdftex.def Info: ../figures/fig_modality_importance.jpg  used on input 
line 320.
(pdftex.def)             Requested size: 463.42987pt x 178.62318pt.

[6

]
<../figures/fig_encoder_benchmarks.jpg, id=48, 2409.0pt x 1607.00375pt>
File: ../figures/fig_encoder_benchmarks.jpg Graphic file (type jpg)
<use ../figures/fig_encoder_benchmarks.jpg>
Package pdftex.def Info: ../figures/fig_encoder_benchmarks.jpg  used on input l
ine 356.
(pdftex.def)             Requested size: 463.42987pt x 309.13463pt.
<../figures/fig_specificity.jpg, id=49, 2208.25pt x 848.16875pt>
File: ../figures/fig_specificity.jpg Graphic file (type jpg)
<use ../figures/fig_specificity.jpg>
Package pdftex.def Info: ../figures/fig_specificity.jpg  used on input line 368
.
(pdftex.def)             Requested size: 463.42987pt x 177.99127pt.

Underfull \vbox (badness 10000) has occurred while \output is active []

<../figures/fig_causal_chains.jpg, id=50, 2007.5pt x 1094.0875pt>
File: ../figures/fig_causal_chains.jpg Graphic file (type jpg)
<use ../figures/fig_causal_chains.jpg>
Package pdftex.def Info: ../figures/fig_causal_chains.jpg  used on input line 4
11.
(pdftex.def)             Requested size: 414.65208pt x 225.97552pt.
 [7 <../figures/fig_modality_importance.jpg>]
Underfull \vbox (badness 10000) has occurred while \output is active []


Underfull \vbox (badness 10000) has occurred while \output is active []

 [8 <../figures/fig_encoder_benchmarks.jpg> <../figures/fig_specificity.jpg>]
<../figures/fig_case_timeline.jpg, id=58, 2007.5pt x 1094.0875pt>
File: ../figures/fig_case_timeline.jpg Graphic file (type jpg)
<use ../figures/fig_case_timeline.jpg>
Package pdftex.def Info: ../figures/fig_case_timeline.jpg  used on input line 4
28.
(pdftex.def)             Requested size: 234.8775pt x 127.99603pt.
 [9 <../figures/fig_causal_chains.jpg> <../figures/fig_case_timeline.jpg>] (./m
ain.aux)
 ***********
LaTeX2e <2025-11-01>
L3 programming layer <2026-01-19>
 ***********
 ) 
Here is how much of TeX's memory you used:
 9755 strings out of 469006
 159483 string characters out of 5453979
 618635 words of memory out of 5000000
 38010 multiletter control sequences out of 15000+600000
 666397 words of font info for 276 fonts, out of 8000000 for 9000
 319 hyphenation exceptions out of 8191
 67i,12n,77p,1912b,533s stack positions out of 10000i,1000n,20000p,200000b,200000s
</home/bcheng/.local/texlive/2023/texmf-dist/fonts/type1/public/amsfonts/cm/c
mbx9.pfb></home/bcheng/.local/texlive/2023/texmf-dist/fonts/type1/public/amsfon
ts/cm/cmmi10.pfb></home/bcheng/.local/texlive/2023/texmf-dist/fonts/type1/publi
c/amsfonts/cm/cmmi7.pfb></home/bcheng/.local/texlive/2023/texmf-dist/fonts/type
1/public/amsfonts/cm/cmmi9.pfb></home/bcheng/.local/texlive/2023/texmf-dist/fon
ts/type1/public/amsfonts/cm/cmr10.pfb></home/bcheng/.local/texlive/2023/texmf-d
ist/fonts/type1/public/amsfonts/cm/cmr6.pfb></home/bcheng/.local/texlive/2023/t
exmf-dist/fonts/type1/public/amsfonts/cm/cmr7.pfb></home/bcheng/.local/texlive/
2023/texmf-dist/fonts/type1/public/amsfonts/cm/cmr9.pfb></home/bcheng/.local/te
xlive/2023/texmf-dist/fonts/type1/public/amsfonts/cm/cmsy10.pfb></home/bcheng/.
local/texlive/2023/texmf-dist/fonts/type1/public/amsfonts/cm/cmsy7.pfb></home/b
cheng/.local/texlive/2023/texmf-dist/fonts/type1/public/amsfonts/cm/cmsy9.pfb><
/home/bcheng/.local/texlive/2023/texmf-dist/fonts/type1/public/amsfonts/symbols
/msam10.pfb></home/bcheng/.local/texlive/2023/texmf-dist/fonts/type1/public/ams
fonts/symbols/msbm10.pfb></home/bcheng/.local/texlive/2023/texmf-dist/fonts/typ
e1/urw/courier/ucrr8a.pfb></home/bcheng/.local/texlive/2023/texmf-dist/fonts/ty
pe1/urw/times/utmb8a.pfb></home/bcheng/.local/texlive/2023/texmf-dist/fonts/typ
e1/urw/times/utmr8a.pfb></home/bcheng/.local/texlive/2023/texmf-dist/fonts/type
1/urw/times/utmr8a.pfb></home/bcheng/.local/texlive/2023/texmf-dist/fonts/type1
/urw/times/utmri8a.pfb>
Output written on main.pdf (9 pages, 5596975 bytes).
PDF statistics:
 138 PDF objects out of 1000 (max. 8388607)
 78 compressed objects within 1 object stream
 0 named destinations out of 1000 (max. 500000)
 58936 words of extra memory for PDF output out of 61914 (max. 10000000)

