[02:53:53] INFO     ============================================================
                    =====                                                       
           INFO     EXPERIMENT 5: Explainability — Attention & Perturbation     
           INFO     ============================================================
                    =====                                                       
           INFO     Loaded Perceiver IO fusion model                            
[02:53:54] INFO     Loaded anomaly detection head                               
           INFO     Loaded sensor embeddings:     torch.Size([2000, 256])       
           INFO     Loaded satellite embeddings:  torch.Size([2861, 384])       
                    (padded 256→384)                                            
           INFO     Loaded behavioral embeddings: torch.Size([3000, 256])       
           INFO     --------------------------------------------------          
           INFO     Part 1: Temporal Attention Extraction                       
           INFO     --------------------------------------------------          
[02:53:56] INFO       Attention extraction: 50/200                              
[02:54:00] INFO       Attention extraction: 100/200                             
[02:54:03] INFO       Attention extraction: 150/200                             
[02:54:07] INFO       Attention extraction: 200/200                             
           INFO     Extracted attention for 200 steps                           
           INFO     Saved attention heatmap:                                    
                    /home/bcheng/SENTINEL/paper/figures/fig_exp5_attention.jpg  
           INFO     Attention summary (mean per modality):                      
           INFO       satellite   : mean=0.3613  std=0.1012                     
           INFO       sensor      : mean=0.3778  std=0.1118                     
           INFO       microbial   : mean=0.0000  std=0.0000                     
           INFO       molecular   : mean=0.0000  std=0.0000                     
           INFO       behavioral  : mean=0.2609  std=0.1502                     
           INFO     --------------------------------------------------          
           INFO     Part 2: Perturbation Importance (Zero-Ablation)             
           INFO     --------------------------------------------------          
           INFO     Computing baseline anomaly probabilities...                 
[02:54:15] INFO       Baseline mean anomaly prob: 0.1406                        
           INFO     Computing perturbation importance for 'sensor'...           
[02:54:29] INFO       sensor: mean |delta| = 0.059035                           
           INFO     Computing perturbation importance for 'satellite'...        
[02:54:38] INFO       satellite: mean |delta| = 0.011071                        
           INFO     Computing perturbation importance for 'behavioral'...       
[02:54:51] INFO       behavioral: mean |delta| = 0.006682                       
[02:54:52] INFO     Saved importance chart:                                     
                    /home/bcheng/SENTINEL/paper/figures/fig_exp5_importance.jpg 
           INFO     ============================================================
                    =====                                                       
           INFO     Experiment 5 complete in 58.3s                              
           INFO     Results: /home/bcheng/SENTINEL/results/exp5_explainability  
           INFO     Figures: /home/bcheng/SENTINEL/paper/figures/fig_exp5_*.jpg 
           INFO     ============================================================
                    =====                                                       
