[21:12:51] INFO     ============================================================
                    =====                                                       
           INFO     EXPERIMENT 6: Upstream-Downstream Contamination Propagation 
           INFO     ============================================================
                    =====                                                       
           WARNING  No AquaSSM checkpoint found; using random weights           
[21:12:52] INFO     Loaded Perceiver IO fusion + anomaly head                   
           INFO                                                                 
                    ============================================================
           INFO     Analyzing: Animas River (Gold King Mine)                    
           INFO     Event date: 2015-08-05                                      
           INFO     ============================================================
           INFO       Querying NWIS for stations in HUC 14080104...             
[21:12:53] INFO       Found 9 stations in HUC 14080104                          
           INFO       Querying NWIS for stations in HUC 14080105...             
[21:12:54] INFO       Found 4 stations in HUC 14080105                          
           INFO       Total unique stations: 13                                 
           INFO     Using 8 stations (sorted upstream to downstream):           
           INFO       [0] 09358550 | CEMENT CREEK AT SILVERTON, CO              
                    | drain=20 sqmi | (37.8197, -107.6637)                      
           INFO       [1] 09359010 | MINERAL CREEK AT SILVERTON, CO             
                    | drain=52 sqmi | (37.8028, -107.6722)                      
           INFO       [2] 09358000 | ANIMAS RIVER AT SILVERTON, CO.             
                    | drain=71 sqmi | (37.8111, -107.6592)                      
           INFO       [3] 09359020 | ANIMAS RIVER BELOW SILVERTON, CO           
                    | drain=146 sqmi | (37.7883, -107.6682)                     
           INFO       [4] 09361000 | HERMOSA CREEK NEAR HERMOSA, CO.            
                    | drain=172 sqmi | (37.4220, -107.8451)                     
           INFO       [5] 09361500 | ANIMAS RIVER AT DURANGO, CO                
                    | drain=701 sqmi | (37.2792, -107.8797)                     
           INFO       [6] 09363500 | ANIMAS RIVER NEAR CEDAR HILL, NM           
                    | drain=1090 sqmi | (37.0366, -107.8753)                    
           INFO       [7] 09364010 | ANIMAS RIVER BELOW AZTEC, NM               
                    | drain=1301 sqmi | (36.8184, -108.0230)                    
           INFO                                                                 
                    Processing station 09358550...                              
[21:12:56] INFO       No data available for 09358550                            
           INFO                                                                 
                    Processing station 09359010...                              
[21:12:57] INFO       No data available for 09359010                            
           INFO                                                                 
                    Processing station 09358000...                              
[21:12:58] INFO       No data available for 09358000                            
           INFO                                                                 
                    Processing station 09359020...                              
[21:13:00] INFO       No data available for 09359020                            
           INFO                                                                 
                    Processing station 09361000...                              
[21:13:01] INFO       No data available for 09361000                            
           INFO                                                                 
                    Processing station 09361500...                              
[21:13:02] INFO       No data available for 09361500                            
           INFO                                                                 
                    Processing station 09363500...                              
[21:13:04] INFO       No data available for 09363500                            
           INFO                                                                 
                    Processing station 09364010...                              
[21:13:05] INFO       No data available for 09364010                            
           WARNING  Fewer than 2 stations with data; cannot compute propagation.
           INFO                                                                 
                    ============================================================
           INFO     Analyzing: Dan River (NC)                                   
           INFO     Event date: 2014-02-02                                      
           INFO     ============================================================
           INFO       Querying NWIS for stations in HUC 03010103...             
[21:13:06] INFO       Found 5 stations in HUC 03010103                          
           INFO       Total unique stations: 5                                  
           INFO     Using 5 stations (sorted upstream to downstream):           
           INFO       [0] 02072000 | SMITH RIVER NEAR PHILPOTT, VA              
                    | drain=215 sqmi | (36.7807, -80.0248)                      
           INFO       [1] 02072500 | SMITH RIVER AT BASSETT, VA                 
                    | drain=259 sqmi | (36.7701, -80.0009)                      
           INFO       [2] 02073000 | SMITH RIVER AT MARTINSVILLE, VA            
                    | drain=379 sqmi | (36.6612, -79.8806)                      
           INFO       [3] 02074556 | SANDY CREEK ABOVE NEAR MOUNT HERMAN, VA    
                    | drain=0 sqmi | (36.6892, -79.4866)                        
           INFO       [4] 02074557 | SANDY CREEK BELOW NEAR MOUNT HERMAN, VA    
                    | drain=0 sqmi | (36.6886, -79.4859)                        
           INFO                                                                 
                    Processing station 02072000...                              
[21:13:08] INFO       Downloaded 5856 readings, columns: ['temperature']        
           INFO       Created 241 windows of shape torch.Size([96, 6])          
           INFO         AquaSSM: 100/241                                        
           INFO         AquaSSM: 200/241                                        
           INFO       AquaSSM embeddings: torch.Size([241, 256])                
[21:18:32] INFO       Anomaly scores: mean=0.0865, max=0.1627                   
           INFO                                                                 
                    Processing station 02072500...                              
[21:18:34] INFO       Downloaded 5856 readings, columns: ['temperature']        
           INFO       Created 241 windows of shape torch.Size([96, 6])          
           INFO         AquaSSM: 100/241                                        
           INFO         AquaSSM: 200/241                                        
           INFO       AquaSSM embeddings: torch.Size([241, 256])                
[21:23:00] INFO       Anomaly scores: mean=0.0835, max=0.1397                   
           INFO                                                                 
                    Processing station 02073000...                              
[21:23:01] INFO       No data available for 02073000                            
           INFO                                                                 
                    Processing station 02074556...                              
[21:23:03] INFO       No data available for 02074556                            
           INFO                                                                 
                    Processing station 02074557...                              
[21:23:04] INFO       No data available for 02074557                            
           INFO       Pair 02072000 -> 02072500: lag=0.0h, corr=0.690,          
                    dist=3.2km, vel=infkm/h                                     
           INFO                                                                 
                    ============================================================
           INFO     Analyzing: Elk River (WV)                                   
           INFO     Event date: 2014-01-09                                      
           INFO     ============================================================
           INFO       Querying NWIS for stations in HUC 05050007...             
[21:23:06] INFO       Found 3 stations in HUC 05050007                          
           INFO       Total unique stations: 3                                  
           INFO     Using 3 stations (sorted upstream to downstream):           
           INFO       [0] 03194700 | ELK RIVER BELOW WEBSTER SPRINGS, WV        
                    | drain=266 sqmi | (38.5973, -80.4904)                      
           INFO       [1] 03197937 | ELK RIVER AB ELK TWOMILE CREEK AT          
                    CHARLESTON, WV   | drain=1520 sqmi | (38.3692, -81.6069)    
           INFO       [2] 03197950 | ELK RIVER AT CHARLESTON, WV                
                    | drain=1532 sqmi | (38.3582, -81.6271)                     
           INFO                                                                 
                    Processing station 03194700...                              
[21:23:07] INFO       No data available for 03194700                            
           INFO                                                                 
                    Processing station 03197937...                              
[21:23:08] INFO       No data available for 03197937                            
           INFO                                                                 
                    Processing station 03197950...                              
[21:23:10] INFO       No data available for 03197950                            
           WARNING  Fewer than 2 stations with data; cannot compute propagation.
           INFO     Saved propagation figure:                                   
                    /home/bcheng/SENTINEL/paper/figures/fig_exp6_propagation.jpg
           INFO                                                                 
                    ============================================================
                    =====                                                       
           INFO     Experiment 6 complete in 618.8s                             
           INFO     Results: /home/bcheng/SENTINEL/results/exp6_propagation     
           INFO     Figure:                                                     
                    /home/bcheng/SENTINEL/paper/figures/fig_exp6_propagation.jpg
           INFO     ============================================================
                    =====                                                       
