[21:12:53] INFO     ============================================================
                    =====                                                       
           INFO     EXPERIMENT 7: Cross-Modal Embedding Alignment               
           INFO     ============================================================
                    =====                                                       
           INFO     Loading embeddings...                                       
[21:12:54] INFO       satellite   : (2861, 256)  norm_mean=1.0000               
           INFO       sensor      : (2000, 256)  norm_mean=1.0000               
           INFO       microbial   : (5000, 256)  norm_mean=1.0000               
           INFO       behavioral  : (3000, 256)  norm_mean=1.0000               
           INFO     Computing linear CKA matrix...                              
           INFO       CKA(satellite   , satellite   ) = 1.0000                  
[21:12:56] INFO       CKA(satellite   , sensor      ) = 0.0065                  
           INFO       CKA(satellite   , microbial   ) = 0.0158                  
[21:12:57] INFO       CKA(satellite   , behavioral  ) = 0.0113                  
[21:12:58] INFO       CKA(sensor      , satellite   ) = 0.0065                  
[21:13:00] INFO       CKA(sensor      , sensor      ) = 1.0000                  
[21:13:01] INFO       CKA(sensor      , microbial   ) = 0.0065                  
[21:13:02] INFO       CKA(sensor      , behavioral  ) = 0.0016                  
[21:13:03] INFO       CKA(microbial   , satellite   ) = 0.0158                  
[21:13:04] INFO       CKA(microbial   , sensor      ) = 0.0065                  
[21:13:05] INFO       CKA(microbial   , microbial   ) = 1.0000                  
[21:13:06] INFO       CKA(microbial   , behavioral  ) = 0.0053                  
[21:13:07] INFO       CKA(behavioral  , satellite   ) = 0.0113                  
[21:13:08] INFO       CKA(behavioral  , sensor      ) = 0.0016                  
[21:13:09] INFO       CKA(behavioral  , microbial   ) = 0.0053                  
[21:13:10] INFO       CKA(behavioral  , behavioral  ) = 1.0000                  
           INFO     Computing mutual nearest neighbor rates...                  
           INFO       mNN(satellite   , sensor      ) = 0.0140                  
           INFO       mNN(satellite   , microbial   ) = 0.0660                  
[21:13:11] INFO       mNN(satellite   , behavioral  ) = 0.0020                  
           INFO       mNN(sensor      , satellite   ) = 0.0140                  
           INFO       mNN(sensor      , microbial   ) = 0.0140                  
           INFO       mNN(sensor      , behavioral  ) = 0.0020                  
           INFO       mNN(microbial   , satellite   ) = 0.0660                  
           INFO       mNN(microbial   , sensor      ) = 0.0140                  
[21:13:12] INFO       mNN(microbial   , behavioral  ) = 0.0060                  
           INFO       mNN(behavioral  , satellite   ) = 0.0020                  
           INFO       mNN(behavioral  , sensor      ) = 0.0020                  
           INFO       mNN(behavioral  , microbial   ) = 0.0060                  
           INFO     Computing within/between cosine similarity stats...         
[21:13:13] INFO                                                                 
                    === CKA SUMMARY ===                                         
           INFO       CKA(satellite, sensor) = 0.0065                           
           INFO       CKA(satellite, microbial) = 0.0158                        
           INFO       CKA(satellite, behavioral) = 0.0113                       
           INFO       CKA(sensor, microbial) = 0.0065                           
           INFO       CKA(sensor, behavioral) = 0.0016                          
           INFO       CKA(microbial, behavioral) = 0.0053                       
           INFO                                                                 
                    === mNN SUMMARY ===                                         
           INFO       mNN(satellite, sensor) = 0.0140                           
           INFO       mNN(satellite, microbial) = 0.0660                        
           INFO       mNN(satellite, behavioral) = 0.0020                       
           INFO       mNN(sensor, microbial) = 0.0140                           
           INFO       mNN(sensor, behavioral) = 0.0020                          
           INFO       mNN(microbial, behavioral) = 0.0060                       
           INFO                                                                 
                    === COSINE SIMILARITY ===                                   
           INFO       Within-satellite: 0.3762 ± 0.1897                         
           INFO       Within-sensor: 0.9199 ± 0.1101                            
           INFO       Within-microbial: 0.1949 ± 0.2548                         
           INFO       Within-behavioral: 0.9925 ± 0.0136                        
           INFO       Between-satellite_vs_sensor: -0.0993 ± 0.0656             
           INFO       Between-satellite_vs_microbial: -0.0016 ± 0.0661          
           INFO       Between-satellite_vs_behavioral: 0.0376 ± 0.0486          
           INFO       Between-sensor_vs_microbial: 0.0005 ± 0.0559              
           INFO       Between-sensor_vs_behavioral: -0.0097 ± 0.0101            
           INFO       Between-microbial_vs_behavioral: 0.0400 ± 0.0483          
           INFO                                                                 
                    Results saved:                                              
                    /home/bcheng/SENTINEL/results/exp7_crossmodal/alignment_resu
                    lts.json                                                    
           INFO     Saved:                                                      
                    /home/bcheng/SENTINEL/paper/figures/fig_exp7_cka_matrix.jpg 
[21:13:14] INFO     Saved:                                                      
                    /home/bcheng/SENTINEL/paper/figures/fig_exp7_embedding_norms
                    .jpg                                                        
           INFO                                                                 
                    Experiment 7 complete in 19.1s                              
