[21:13:01] INFO     ============================================================
                    =====                                                       
           INFO     EXPERIMENT 8: NEON Aquatic Temporal Trend Analysis          
           INFO     ============================================================
                    =====                                                       
           INFO     NEON parquet:                                               
                    /home/bcheng/SENTINEL/data/raw/neon_aquatic/neon_DP1.20288.0
                    01_consolidated.parquet                                     
           INFO     Loading parquet (relevant columns only)...                  
[21:13:40] INFO     Loaded 62,670,845 rows in 39.0s                             
/home/bcheng/SENTINEL/scripts/exp8_neon_trend_analysis.py:148: UserWarning: Converting to PeriodArray/Index representation will drop timezone information.
  df["year_month"] = df["ts"].dt.to_period("M")
[21:16:16] INFO     Sites: 32                                                   
[21:16:23] INFO       ARIK: no significant trends (24 months)                   
[21:16:30] INFO       BARC: significant trends: turbidity=increasing(+0.204/yr),
                    specificConductance=increasing(+2.417/yr)                   
[21:16:36] INFO       BIGC: no significant trends (23 months)                   
[21:16:44] INFO       BLDE: no significant trends (24 months)                   
[21:16:53] INFO       BLUE: no significant trends (23 months)                   
[21:17:00] INFO       BLWA: no significant trends (24 months)                   
[21:17:07] INFO       CARI: no significant trends (25 months)                   
[21:17:13] INFO       COMO: no significant trends (24 months)                   
[21:17:20] INFO       CRAM: no significant trends (24 months)                   
[21:17:26] INFO       CUPE: significant trends:                                 
                    dissolvedOxygen=increasing(+0.172/yr),                      
                    specificConductance=increasing(+22.051/yr)                  
[21:17:33] INFO       FLNT: significant trends: turbidity=decreasing(-14.389/yr)
[21:17:38] INFO       GUIL: significant trends:                                 
                    dissolvedOxygen=increasing(+0.341/yr),                      
                    turbidity=decreasing(-9.858/yr)                             
[21:17:44] INFO       HOPB: significant trends:                                 
                    specificConductance=increasing(+30.892/yr)                  
[21:17:51] INFO       KING: no significant trends (25 months)                   
[21:17:58] INFO       LECO: no significant trends (24 months)                   
[21:18:04] INFO       LEWI: significant trends: turbidity=decreasing(-21.864/yr)
[21:18:12] INFO       LIRO: significant trends:                                 
                    specificConductance=increasing(+0.439/yr)                   
[21:18:18] INFO       MART: significant trends: pH=decreasing(-0.047/yr)        
[21:18:26] INFO       MAYF: no significant trends (24 months)                   
[21:18:32] INFO       MCDI: significant trends:                                 
                    specificConductance=increasing(+65.350/yr)                  
[21:18:39] INFO       MCRA: significant trends: pH=decreasing(-0.072/yr)        
[21:18:46] INFO       OKSR: significant trends: pH=decreasing(-0.049/yr)        
[21:18:52] INFO       POSE: significant trends: turbidity=decreasing(-6.179/yr) 
[21:18:59] INFO       PRIN: significant trends:                                 
                    dissolvedOxygen=increasing(+1.290/yr)                       
[21:19:05] INFO       PRLA: significant trends:                                 
                    dissolvedOxygen=increasing(+0.619/yr),                      
                    specificConductance=increasing(+61.083/yr)                  
[21:19:10] INFO       PRPO: significant trends: pH=decreasing(-0.165/yr),       
                    turbidity=decreasing(-2.673/yr),                            
                    specificConductance=decreasing(-242.325/yr)                 
[21:19:17] INFO       REDB: significant trends:                                 
                    specificConductance=increasing(+82.007/yr)                  
[21:19:22] INFO       SUGG: significant trends: turbidity=increasing(+0.901/yr),
                    specificConductance=increasing(+9.350/yr)                   
[21:19:43] INFO     Computing cross-site DO correlation...                      
[21:23:11] INFO                                                                 
                    Results saved:                                              
                    /home/bcheng/SENTINEL/results/exp8_neon_trends/trend_results
                    .json                                                       
           INFO     Generating figures...                                       
[21:23:12] INFO     Saved:                                                      
                    /home/bcheng/SENTINEL/paper/figures/fig_exp8_trend_heatmap.j
                    pg                                                          
           INFO     Saved:                                                      
                    /home/bcheng/SENTINEL/paper/figures/fig_exp8_site_trends.jpg
           INFO                                                                 
                    === TREND SUMMARY ===                                       
           INFO     Sites analyzed: 28/32                                       
           INFO     Sites with significant DO decline: 0                        
           INFO     Sites with significant turbidity increase: 2                
           INFO                                                                 
                    Total elapsed: 610.7s                                       
