============================================================
Experiment D: Temporal Persistence Analysis
============================================================
  lake_erie_hab_2023 (HAB): max_consecutive=7  mean_in_run=0.9820  run=[2023-07-10T12:15:00, 2023-07-14T12:15:00]  n_above=18/89
  jordan_lake_hab_nc (HAB): max_consecutive=66  mean_in_run=0.9929  run=[2022-05-31T20:00:00, 2022-07-14T05:15:00]  n_above=66/66
  klamath_river_hab_2021 (HAB): max_consecutive=89  mean_in_run=0.9929  run=[2021-06-02T23:00:00, 2021-07-31T15:00:00]  n_above=89/89
  gulf_dead_zone_2023 (hypoxia): max_consecutive=7  mean_in_run=0.9223  run=[2023-05-15T07:00:00, 2023-05-31T08:00:00]  n_above=10/31
  chesapeake_hypoxia_2018 (hypoxia): max_consecutive=7  mean_in_run=0.9620  run=[2018-05-27T15:30:00, 2018-05-28T23:30:00]  n_above=33/403
  mississippi_salinity_2023 (salinity): max_consecutive=12  mean_in_run=0.9929  run=[2023-09-15T09:00:00, 2023-09-30T01:00:00]  n_above=26/41

  Scoring non-event NEON sites...
  Clean sites: ['SYCA', 'TOOK', 'TOMB']
  Models loaded on cuda
  Batch-reading NEON parquet for clean sites...
  Read 205775 rows in 0.4s
    SYCA: 46 windows, max_run=0  n_above=0  mean_all=0.0133  (5.3s)
    TOOK: 33 windows, max_run=0  n_above=0  mean_all=0.0327  (4.7s)
    TOMB: 43 windows, max_run=0  n_above=0  mean_all=0.0689  (4.6s)

  Case study mean max_consecutive: 31.3
  Non-event NEON max_consecutive:  0

Saved to /home/bcheng/SENTINEL/results/exp_temporal_persistence/persistence_results.json
